1 Name: 大陸續鬆銀根 中銀台北降轉存利率 URL: http://news.cnyes.com/理財/20140617/大陸續鬆銀根-中銀台北降轉存利率.shtml?c=tw_bank
http://news.cnyes.com/%E7%90%86%E8%B2%A1/20140617/%E5%A4%A7%E9%99%B8%E7%BA%8C%E9%AC%86%E9%8A%80%E6%A0%B9-%E4%B8%AD%E9%8A%80%E5%8F%B0%E5%8C%97%E9%99%8D%E8%BD%89%E5%AD%98%E5%88%A9%E7%8E%87.shtml?c=tw_bank
大陸續鬆銀根 中銀台北降轉存利率
鉅亨網新聞中心　(來源：中廣新聞網)　2014-06-17  14:15　
title:大陸續鬆銀根 中銀台北降轉存利率
 gg:鉅亨網新聞中心　(來源：中廣新聞網)　2014-06-17  14:15　
 article:

大陸「錢荒」趨緩，中國人民銀行二度定向調降存準率挹注人民幣流動，中國銀行台北分行也陸續調降國銀參加行轉存利率，目前一年期轉存利率為百分之三點四，較「錢荒」時最高百分之四點三轉存利率，大減近一個百分點。
中國人民銀行第二度定向調降存準率也在十六號生效，大陸官方持續鬆綁銀根，擴大人民幣流動性，國內的人民幣清算行中國銀行台北分行也一路調降國銀參加行的人民幣轉存利率。
央行官員指出，目前中銀台北給予參加行的轉存利率一個月期與三個月期分別為百分之三點一五及百分之三點二，六個月期為百分之三點二五，一年期為百分之三點四，相較過去百分之四以上利率已經下降。由於大陸資金趨向寬鬆，包括大陸的利率也都下滑。
受到人民幣走貶、利率下滑影響，中央銀行昨天公布國內銀行人民幣存款餘額增幅創開辦以來最低。





2 Name: 〈理財〉擺脫月光族變「財」女！量身打造「薪」時代 URL: http://news.cnyes.com/理財/20140613/理財擺脫月光族變財女量身打造薪時代.shtml?c=tw_bank
http://news.cnyes.com/%E7%90%86%E8%B2%A1/20140613/%E7%90%86%E8%B2%A1%E6%93%BA%E8%84%AB%E6%9C%88%E5%85%89%E6%97%8F%E8%AE%8A%E8%B2%A1%E5%A5%B3%E9%87%8F%E8%BA%AB%E6%89%93%E9%80%A0%E8%96%AA%E6%99%82%E4%BB%A3.shtml?c=tw_bank
〈理財〉擺脫月光族變「財」女！量身打造「薪」時代
鉅亨網記者陳慧琳 台北　　2014-06-13  19:32　
title:〈理財〉擺脫月光族變「財」女！量身打造「薪」時代
 gg:鉅亨網記者陳慧琳 台北　　2014-06-13  19:32　
 article:

國內職場女力崛起，台灣地區女性勞動參與率比10年前上升3個百分點，根據行政院主計總處2014年4月調查，台灣女性勞動參與率已突破50.57%大關。現代女性投入就業市場越多，意味著財富自主能力提升，中國信託商業銀行（簡稱「中信銀行」）為了讓職場女性及早掌握理財策略，讓「薪」時代女性在面對物價飆漲、高齡化和少子化的社會衝擊時，擺脫月光族的憂慮並為晚年幸福儲值，即日起為30／40／50年齡層的女性推出量身打造的理財計劃，「薪」時代女性皆可至中國信託銀行全臺各分行免費體驗貼心的「專屬理財諮詢服務」，掌握屬於自己的理財法寶。
中信銀行長期關注30／40／50年齡層的女性，希望透過專屬諮詢服務及理財建議，協助不同年齡層的職場女性，了解自我需求並提升自主理財力，因應不同人生階段做好完整規畫，達到各階段的人生目標。想要成為頂尖財女，更要及早懂得錢生錢的理財之道。針對剛出社會的「粉領族」，中信銀行建議應趁早建立小額理財觀念，由小錢開始累積人生第一桶金，並且了解自己的風險承受屬性，像是保守、穩健、積極等，再去選擇適合自己的理財產品；例如穩健型的人，希望風險波動起伏不要太大，建議選擇每月定期定額債券型／平衡型基金與投資型保單，穩健滾動財富；投資獲利再投入增額儲蓄險，達成半強迫式理財，等累積一筆小資金後，再做更多有效的投資理財運用。
30至40歲女性屬於「育兒族」，正處於購屋負擔、換車或計劃子女教育的人生階段，在衝刺事業及累積積蓄時，還得同時留意可能的疾病或意外而影響家人生活品質。中信銀行建議，此階段的女性要定期檢視自己手中保單，做中、長期的規劃，提高自己醫療、壽險額度及配置房貸壽險，以健全家庭保障。同時可搭配多元幣別的儲蓄型保險，透過固定或利率變動型方式穩定累積資產，創造日後子女學費或創業基金的來源。
而針對40至50歲「夾心族」，正值全力為一家人幸福生活打拼的階段，此時得面對養育子女及奉養父母雙重課題，家庭開銷壓力大。中信銀行建議此族群女性，應定期盤點目前家計費用中最大的支出項目，創造開源節流的方法；並依照家庭責任及生活品質不同，適度替自己與家人調整保險配備：
50歲以上的「樂退族」更要懂得愛自己，隨著子女長大，對家庭的責任逐步減輕，生活重心已由照顧家人轉移至關注退休後如何樂活，中信銀行建議準退休樂活媽媽們，想要有足夠退休金，應重新檢視過去理財配置、調整合適的資產配置比例，把握「財富保障型商品佔六成以上、財富創造型商品占四成以下」原則。在財富保障型商品上，建議部分投入終身醫療險及重大疾病險，另外，運用手邊閒置資金，分年投入長期看護險，有效提升退休後的醫療品質。最後，中信銀行建議還可選擇相對穩定的配息型基金、投資型保單、利變增額壽險或終身還本壽險持續累積財富，隨時間累積打敗通膨，安心實現退休夢想。
中信銀行致力於打造女人幸福園地，讓女人FUN心過生活，即日起，歡迎「薪」時代女性至中信銀行全臺各分行體驗「專屬理財諮詢服務」，全面體檢自己的財務狀況，從了解理財缺口開始，中信銀行將提供合宜專業的理財策略，讓每位女性都能朝設定的夢想邁進。





3 Name: 花旗全球義工日 陪伴弱勢兒童於遊樂園同共度周末 URL: http://news.cnyes.com/股市/20140608/花旗全球義工日-陪伴弱勢兒童於遊樂園同共度周末.shtml?c=tw_bank
http://news.cnyes.com/%E8%82%A1%E5%B8%82/20140608/%E8%8A%B1%E6%97%97%E5%85%A8%E7%90%83%E7%BE%A9%E5%B7%A5%E6%97%A5-%E9%99%AA%E4%BC%B4%E5%BC%B1%E5%8B%A2%E5%85%92%E7%AB%A5%E6%96%BC%E9%81%8A%E6%A8%82%E5%9C%92%E5%90%8C%E5%85%B1%E5%BA%A6%E5%91%A8%E6%9C%AB.shtml?c=tw_bank
花旗全球義工日 陪伴弱勢兒童於遊樂園同共度周末
鉅亨網記者許庭瑜 台北　　2014-06-08  11:44　
title:花旗全球義工日 陪伴弱勢兒童於遊樂園同共度周末
 gg:鉅亨網記者許庭瑜 台北　　2014-06-08  11:44　
 article:

歡慶花旗深耕台灣50週年，花旗(台灣)銀行特別結合「家庭日」，於周六擴大舉辦一年一度的「花旗全球義工日」，號召全台花旗同仁，陪伴包括來自失親兒福利基金會、新北市石碇區和平國小以及台南市太子國中、菁寮國中、柳營國中以及龍崎國中共500名偏鄉學童歡度周末。
花旗(台灣)銀行董事長管國霖表示，從1964年花旗在台北市館前路成立辦事處開始算起，今年正好是花旗在台灣服務的第50個年頭。在規劃系列對內、對外慶祝活動的同時，也決定以關懷花旗長期支持的弱勢和偏鄉學童的方式，作為送給花旗和這片土地最好且意義非凡的生日禮物。
花旗將今年全球義工日與家庭日的主題定調為『陪伴』，邀請花旗志工陪伴偏鄉學童和失親兒，也陪伴家人，一起以寓教於樂的方式，慶祝花旗50歲生日快樂。
在花旗全球義工日與家庭日的活動中，花旗志工與500名弱勢及偏鄉學童，也在園區體驗花旗精心安排的5個闖關活動，以趣味方式認識花旗歷史、瞭解金融理財知識，同時替未能親自參與活動的另500名弱勢小朋友募集開學禮。管國霖董事長並代表花旗額外捐贈500份精美開學禮給財團法人台北市失親兒福利基金會執行長馮玉玲，以「500 + 500」(陪伴500位學生 + 進一步致贈500份開學禮) 的方式，傳達花旗感恩過去50年、祝福未來50年的承諾。
今年是花旗集團自2006年以來，連續第9年舉辦「花旗全球義工日」。今年的花旗全球義工日，共有6萬多名花旗同仁走出辦公室，在全球超過90個國家參與逾1,300場志工活動，透過身體力行的方式，與所在的社區互動、提供服務。
在2014年「花旗全球義工日」活動中，花旗志工除了陪伴500名弱勢及偏鄉學童體驗六福村主題遊樂園中精采刺激的遊樂設施、遊覽野生動物園、分享生活與學習經驗外，更以闖關方式共同完成花旗特別設置的5道關卡：「花旗小學堂」(介紹花旗在台灣耕耘50年的重要創新與里程碑)、「貨幣智多星」(認識各國貨幣單位及代表符號)及「理財智多星」(學習基本理財觀、成為金錢的主人) 、「環保智多星」(建立環保概念愛地球)及「花旗50 幸福合影」(與陪伴志工或親友合照紀念美好時光)，以寓教於樂的方式，度過歡樂充實的週末！





4 Name: 《理財》外幣定存正夯 但棄人民幣、捧美元 澳幣也逢低買進！ URL: http://news.cnyes.com/台股/20140602/《理財》外幣定存正夯-但棄人民幣、捧美元-澳幣也逢低買進！.shtml?c=tw_bank
http://news.cnyes.com/%E5%8F%B0%E8%82%A1/20140602/%E3%80%8A%E7%90%86%E8%B2%A1%E3%80%8B%E5%A4%96%E5%B9%A3%E5%AE%9A%E5%AD%98%E6%AD%A3%E5%A4%AF-%E4%BD%86%E6%A3%84%E4%BA%BA%E6%B0%91%E5%B9%A3%E3%80%81%E6%8D%A7%E7%BE%8E%E5%85%83-%E6%BE%B3%E5%B9%A3%E4%B9%9F%E9%80%A2%E4%BD%8E%E8%B2%B7%E9%80%B2%EF%BC%81.shtml?c=tw_bank
《理財》外幣定存正夯 但棄人民幣、捧美元 澳幣也逢低買進！
鉅亨網記者陳慧琳 台北　　2014-06-02  12:30　
title:《理財》外幣定存正夯 但棄人民幣、捧美元 澳幣也逢低買進！
 gg:鉅亨網記者陳慧琳 台北　　2014-06-02  12:30　
 article:

近來市場盛傳台幣有升值空間訊息，加上美國經濟將引導全球市場復甦，升息腳步漸近，加上中國持續推動人民幣國際化帶動中長期走升，外幣定存正夯，但出現棄人民幣，轉向美元定存的跡象，澳幣也可逢低買進。
人民幣存款雖然成長迅速，但人民幣今(2014)年以來走貶，高利定存風轉向「美元」，且因美元仍是台灣民眾最熟悉的外幣，也是出國旅遊最常使用的貨幣，美元存款依然佔民眾外幣存款第1名。
中央銀行統計，4月底全體銀行人民幣存款餘額2875.37億元，月增率滑落至7.1%，創下開辦以來最低紀錄，即便預估5月底將突破3000億元關卡，但看得出熱度已在降溫當中。
銀行主管表示，美國寬鬆貨幣政策逐步退場，帶動美元持續走強，近期大量國際市場資金重回美元資產，也是投資人可以考慮持有美元貨幣的時間點。
隨美國升息腳步漸近，各銀行近來紛紛推出各種外幣定存優惠專案，銀行提供客戶優於市場利率水準美元定存活動，且不同天期定存，讓客戶能靈活布局外幣投資，讓美元資產穩健成長之餘，也掌握美金投資最佳管道。
美元定存很夯，主要是利率最高衝到2.08%，存款門檻也愈降愈低，3000美元(約新台幣9萬元)就可享高利，年期也愈來愈短，1、2月就可存優惠。
目前市面上美元定存搶短最優惠的可說是滙豐銀，美元存2個月就有1.5%的年利率，單筆存入金額需要台幣50萬元以上。較長天期如萬泰銀5~8個月的美元年利率優惠為2.08%，星展銀1年的年利率為1.68%，最低承作金額是2萬美元，每人限額200萬美元。
目前各家銀行推出的美元定存特色多為階梯式加碼，優點是有更多選擇，如果突然有資金需求不想存了，至少已經享有第一階段的定存優惠，資金運用進可攻、退可守。
除了美元之外，澳幣過去也是國人很喜愛持有的幣別，不過澳元過去2年不斷貶值，作為高息貨幣的吸引力大減，但在2月澳洲央行暗示不再降息後，澳元開始從谷底反彈，部分市場人士轉為看好澳元。
銀行主管指出，每年都有為數不少的台灣人前往澳洲就學、就業或移民，澳幣目前處於低檔盤整，如果預期未來有澳幣使用需求，就可以考慮在相對低點持有澳幣部位。
澳盛銀行延續上一波「外幣123高利定存專案」至6月底，並在加碼澳幣定存至3.3%年利，加上既有的美元、人民幣，共有3種選擇可供投資者選擇，其中美 元享年利1.6%、人民幣年利2.8%；花旗銀行也提供優利活動，辦理紐幣、澳幣、人民幣與美元定存，可享4.88%、3.88%、2.88%、 1.88%年利優惠。
銀行主管提醒，買賣外幣定存實，須注意各家銀行所設最低承作金額、承作對象是否排除法人、承作金額上限、專案優惠期間、優惠截止時間、是否限制臨櫃辦理，或也可開放電話與網銀等，建議承作前可先向銀行詢問清楚，以免到了銀行才發現不符合承作條件。





5 Name: 《理財》高利率誘人 外幣定存教戰守策！ URL: http://news.cnyes.com/台股/20140602/《理財》高利率誘人-外幣定存教戰守策！.shtml?c=tw_bank
http://news.cnyes.com/%E5%8F%B0%E8%82%A1/20140602/%E3%80%8A%E7%90%86%E8%B2%A1%E3%80%8B%E9%AB%98%E5%88%A9%E7%8E%87%E8%AA%98%E4%BA%BA-%E5%A4%96%E5%B9%A3%E5%AE%9A%E5%AD%98%E6%95%99%E6%88%B0%E5%AE%88%E7%AD%96%EF%BC%81.shtml?c=tw_bank
《理財》高利率誘人 外幣定存教戰守策！
鉅亨網記者陳慧琳 台北　　2014-06-02  12:15　
title:《理財》高利率誘人 外幣定存教戰守策！
 gg:鉅亨網記者陳慧琳 台北　　2014-06-02  12:15　
 article:

「定存」屬於無風險的理財工具，加上變現能力強，向來是老一輩最重要也最主要的理財工具，每個月拿到薪水，總要撥一筆錢到郵局去做零存整付；過年領了一筆年終獎金，也要拿到銀行存定存。這樣從年輕存到老，等到退休時，再用定存「生」出來的利息過老年生活。
但長期以來台幣定存利率一直處於低檔，而外幣的存款利率相對高居不下，所以吸引了不少外幣定存族。
外幣定存，適合懂匯率趨勢、有外幣需求的人。
外幣定存是以外幣為標的，跟台幣一樣，約定將外幣存於銀行一期間，未到期前不得領回。外幣定期存款的利率會根據幣別而有所不同，通常會跟外幣國家的利率連動。如同台幣定存般，銀行也會給存單(有的是登記在存簿後面)，到期時領取本息。如果已有外幣帳戶，可以直接用外幣存款。若沒有，也可以先將台幣換成外幣，而贖回時又要將外幣換成台幣，所以會有轉換幣值的匯率差額。
外幣定存得先開設外幣帳戶，只要本人年滿20歲帶身分證、第二証件(例如護照、駕照或健保卡)和印章，當然還有主角－－錢囉，到銀行臨櫃辦理說明要開外幣帳戶即可，相當方便。有些銀行開戶會設有最低開戶金額限制，金額多少各銀行不一，最好先打電話詢問。現在網路銀行也很方便，只要在申辦時指名要有網路功能即可。到時客戶可以自己操作台幣轉外幣、外幣轉定存的功能，不用常跑銀行省卻許多時間。
外幣定存的利息通常可選擇每月領息或到期領取本息，利息也是以外幣支付。若選擇每月發放利息，每月固定時間銀行會將利息轉入活儲帳號。但是不像台幣定存般可以整存整付，自動以複利計算。
外幣定存目前各銀行都採固定利率。
外幣定存的收益主要是「利息」和「匯差」，定存可以說是保本的產品，風險幾乎是零，但匯率像是刀的兩刃，可能賺也可能賠，獲利是不確定的。有時可能賺了利息，但卻賠了匯差。但是也有機會除了賺取高額利息外，再添匯差收入，錦上添花。
外幣作定存的另一成本就是買賣外幣的「匯差」，在買賣外幣時，銀行所公佈的買入跟賣出，是指對銀行而言。
• 買價：銀行願意買入外幣的價格
所謂匯差，就是銀行即期賣出價格減掉即期買入價格，就是匯差了。這就是你要負擔的交易成本，交易成本越小越有利。每家銀行的幣別的匯差都不一樣，有些匯差較小。在換匯時有時網銀或臨櫃可以有少許的優惠，而減少匯差。
外幣定存一般時間大概有一週、1個月、3個月、6個月、9個月、1年這幾種選擇。不同期間的利率各有差異。在利率很接近的情況下，可以選擇較短期定存，這樣可以因應匯率變動。
其實外幣定存就跟台幣定存是一樣的，如果定存未到期而解約，利息是會打折的。如果不是要長期持有外幣打算的話，可以選擇短期定存，跑短線賺匯差比較靈活。在適當的時機換回台幣，利息與匯差都可以賺取。當然如果預期未來利率或匯率會升或降，在定存時間的選擇，就更有把握。





6 Name: 《理財》外幣投資3大特色 流動性佳、實質需求和資產配置 URL: http://news.cnyes.com/股市/20140602/《理財》外幣投資3大特色-流動性佳、實質需求和資產配置.shtml?c=tw_bank
http://news.cnyes.com/%E8%82%A1%E5%B8%82/20140602/%E3%80%8A%E7%90%86%E8%B2%A1%E3%80%8B%E5%A4%96%E5%B9%A3%E6%8A%95%E8%B3%873%E5%A4%A7%E7%89%B9%E8%89%B2-%E6%B5%81%E5%8B%95%E6%80%A7%E4%BD%B3%E3%80%81%E5%AF%A6%E8%B3%AA%E9%9C%80%E6%B1%82%E5%92%8C%E8%B3%87%E7%94%A2%E9%85%8D%E7%BD%AE.shtml?c=tw_bank
《理財》外幣投資3大特色 流動性佳、實質需求和資產配置
鉅亨網記者許庭瑜 台北　　2014-06-02  12:00　
title:《理財》外幣投資3大特色 流動性佳、實質需求和資產配置
 gg:鉅亨網記者許庭瑜 台北　　2014-06-02  12:00　
 article:

為了尋求比台幣定存更高的收益率，許多投資人將眼光放在外幣定存上，除了先前國人偏好的澳幣、紐西蘭幣定存外，近年由於人民幣定存的加入，讓外幣市場更加熱絡。星展銀行認為，外幣投資相對於其他商品來說，具有三大特色，包括
根據國際貨幣清算銀行統計，全球每日外匯市場交易量就高達5.5兆美元，且隨時隨地都有來自不同地區的人在進行交易，因此相較於其他投資商品，流動性是最好的，不需要擔心沒有交易市場。再者，不少人投資外匯，也是有實質上的需求，無論是海外置產、跨國企業貿易支付，或者子女出國念書、旅遊等，在外幣需求上就來的大得多。最後則是資產配置，雖然目前國人在外幣持有上，還是以美元為大宗，不過林雅慧建議，投資人還是可以適度搭配一些非美元貨幣，假使美元走貶，還能做到避險的功能。
星展財富管理投資顧問部副總裁林雅慧表示，外幣投資並不侷限在定存上，現階段各家銀行可以承做的外幣商品，還包括外幣基金、外幣保單、DCI雙幣投資、結構型收益債券等等，種類繁多。但由於外匯波動度大，因此有些商品僅限於專業投資人使用。
舉例來說，結構型收益債券分成保本型與非保本型，而非保本型債券就只有專業投資人可以投資。林雅慧解釋，保本型結構型收益債券，投資人最大的風險，就是拿100萬元投資，合約到期後還是拿回100萬元，沒有減少，但也沒有增加，損失掉的是時間成本，但非保本型就可能牽涉到本金的虧損。
在外幣配置部分，林雅慧將外幣分成3大類，分別為
在純外幣投資上，對較保守的人資人，林雅慧建議美元的部位最好可以達到4-5成，其他主要貨幣也可以看需求持有，剩下的則放在商品貨幣與亞洲貨幣，不過建議商品貨幣的比重大於亞洲貨幣會較好些。而積極型的投資人，在美元比重就可以降至3成，除非有其他考量與需求，否則不建議再更少。
現階段該布局那些幣別，星展研究部看好紐幣、澳幣，以及英鎊未來的表現。
不過林雅慧提醒，由於英鎊的定存利率非常低，因此建議想看好英鎊的投資人不要浪費時間在定存上，建議可以做外匯交易、雙元貨幣交換，或者拿來投資基金等，都是較好的選擇。至於紐西蘭幣與澳幣，由於可購買的基金檔數較少，且都有2.5%-3%的年利率，以定存來說就很足夠了；不過若想增加更多的報酬，建議投資人可以購買外幣儲蓄保單，雖然要綁的時間較久，不過利率也優惠許多。
隨著外幣投資在國內越來越熱絡，各家銀行常常會在不同時間推出不同幣別的優惠專案，林雅慧指出，特別是在新開戶，或者薪資金能拿到的專案通常最優惠，因此若投資人有外幣定存需求，建議可以找尋有推出優惠方案的銀行，在利率上通常會比一般市面上所提供的還要優渥。
做外幣投資時，林雅慧建議投資人遵從4個做法：





7 Name: 宏利調查：台灣家庭4成財產放銀行 實質報酬率為負0.7% URL: http://news.cnyes.com/銀行/20140526/宏利調查：台灣家庭4成財產放銀行 實質報酬率為負0.7%.shtml?c=tw_bank
http://news.cnyes.com/%E9%8A%80%E8%A1%8C/20140526/%E5%AE%8F%E5%88%A9%E8%AA%BF%E6%9F%A5%EF%BC%9A%E5%8F%B0%E7%81%A3%E5%AE%B6%E5%BA%AD4%E6%88%90%E8%B2%A1%E7%94%A2%E6%94%BE%E9%8A%80%E8%A1%8C%20%E5%AF%A6%E8%B3%AA%E5%A0%B1%E9%85%AC%E7%8E%87%E7%82%BA%E8%B2%A00.7%25.shtml?c=tw_bank
宏利調查：台灣家庭4成財產放銀行 實質報酬率為負0.7%
鉅亨網記者許庭瑜 台北　　2014-05-26  15:38　
title:宏利調查：台灣家庭4成財產放銀行 實質報酬率為負0.7%
 gg:鉅亨網記者許庭瑜 台北　　2014-05-26  15:38　
 article:

根據宏利資產管理發布的最新熟齡亞洲系列調查結果，台灣家庭目前約有40%的金融財富是置於銀行存款，而這些存款在扣掉通膨率後，每年僅只有約-0.7%的實質報酬，也就是說，錢越放越小。宏利投信執行長張維義建議，可以考慮投資每個月穩定配息的基金，對追求長期的獲利以提供家庭財富增長的投資人是不錯的選擇。
為了提供符合投資人需求的產品，宏利投信今(26)日宣布開始募集「宏利全球入息動態組合基金(本基金之子基金得投資於非投資等級之高風險債券且配息來源可能為本金) 」，此基金為全球平衡型組合基金，運用動態資產配置策略投資於全球股票及固定收益基金。
宏利全球入息動態組合基金經理人蘇泰弘表示，每個地區不同國家的獲利前景可能因景氣循環的差異而有顯著的不同，因此保持多元的資產分配是降低風險的重要策略。本次發行的新基金採用靈活的動態配置策略，依市況決定投資組合風險承受度，設立最大跌幅風控機制。
除了可以選擇投資於遍布全球市場的股票及債券等子基金(包含具較高風險的非投資等級債券)，致力於獲得穩定的獲利以支持固定配息(本基金配息可能涉及本金)，並同時在市場走低時將資本損失降到最低，以提供一定程度的資金保護。
宏利投信的投資策略亦與海外投資顧問宏利資產管理的資產配置方案事業群密切合作。資產配置方案事業群為25位來自全世界的資產配置專家所組成，管理超過1,1120億美金，為客戶不同的風險及獲利偏好設計專門的資產配置方案。





8 Name: 星展打造全方位外匯理財服務 著重4大面向 URL: http://news.cnyes.com/台股/20140522/星展打造全方位外匯理財服務 著重4大面向.shtml?c=tw_bank
http://news.cnyes.com/%E5%8F%B0%E8%82%A1/20140522/%E6%98%9F%E5%B1%95%E6%89%93%E9%80%A0%E5%85%A8%E6%96%B9%E4%BD%8D%E5%A4%96%E5%8C%AF%E7%90%86%E8%B2%A1%E6%9C%8D%E5%8B%99%20%E8%91%97%E9%87%8D4%E5%A4%A7%E9%9D%A2%E5%90%91.shtml?c=tw_bank
星展打造全方位外匯理財服務 著重4大面向
鉅亨網記者許庭瑜 台北　　2014-05-22  18:15　
title:星展打造全方位外匯理財服務 著重4大面向
 gg:鉅亨網記者許庭瑜 台北　　2014-05-22  18:15　
 article:

隨著台灣民眾投資外匯越來越普及，星展銀行希望能打造全方位外匯理財服務，滿足客戶的所有需求，因此推出客製化理財計畫，希望能讓日常生活中，有外匯理財需求的族群，能找到適合他們的「外匯專家」。在外匯理財服務上，主要著重於四大面向：
星展銀行(台灣)總經理陳亮丞表示，許多人或許在自己的領域上非常專業，且也有很多的成就，但是隔行如隔山，在投資外匯這塊，可能還是需要借助外匯專家的幫忙，能更輕鬆達成自己的目標。並指出星展銀行自許成為外匯理財專家，並積極打造全方位的外匯理財服務。
除了提供多元的訊息與投資管道外，星展銀行更積極了解每一位客戶的投資理財需求，以尊貴的個人化服務、量身訂作客製化的理財計畫。在這個講求高度專業化的時代，讓專家也可以放心將其個人理財需求交給外匯專家。
客製化投資理財中，星展銀行根據客戶不同投資需求及風險承擔能力，量身規劃適宜的投資組合。舉例來說，星展所推出的外幣組合投資客製化就是專為尋求潛在較高收益且願承擔相關投資風險的客戶而設計，客戶可依風險承受度自由選擇不同幣別組合、天期、及預期投資收益。此外，若客戶傾向於投資結合固定收益商品與衍生性金融商品之組合式商品，星展銀行所推出的結構型投資商品靈活設計，亦可依客戶的需求量身搭配，規劃一套專屬於客戶的投資計畫。
為了提供客戶更輕鬆方便的投資平台，星展銀行還提供更推出二十四小時換匯服務，當客戶在使用外幣間即期匯率設定交易服務時，星展銀行將不間斷為客戶關注市場動態，當市場觸及所設定的執行匯率時，自動為客戶換匯。此外，人民幣定期定額轉帳亦可為客戶省卻煩惱，客戶無須每天至銀行辦理換匯，即可輕鬆於額度內買入所需的人民幣。
除了客製化投資理財和多管道且即時的投資平台之外，星展銀行亦設有專屬頂尖的外匯團隊，專職研究外匯市場動態與商品，並隨時提供客戶市場資訊，保持投資的穩健步伐。
期望滿足客戶的多元投資需求，星展銀行亦不定期推出精選優惠專案。 近期優惠方案包含「星展客戶臨櫃換匯優惠」、「基金定期定額申購手續費最低3.8折起」以及「星展美利迎新定存」，星展銀行在未來更將持續推出多樣化的優惠專案，協助客戶輕鬆投資，掌握先機。





9 Name: 車市買氣旺　銀行提供貸款小撇步　支出勿逾月收1/3 URL: http://news.cnyes.com/銀行/20140521/車市買氣旺　銀行提供貸款小撇步　支出勿逾月收13.shtml?c=tw_bank
http://news.cnyes.com/%E9%8A%80%E8%A1%8C/20140521/%E8%BB%8A%E5%B8%82%E8%B2%B7%E6%B0%A3%E6%97%BA%E3%80%80%E9%8A%80%E8%A1%8C%E6%8F%90%E4%BE%9B%E8%B2%B8%E6%AC%BE%E5%B0%8F%E6%92%87%E6%AD%A5%E3%80%80%E6%94%AF%E5%87%BA%E5%8B%BF%E9%80%BE%E6%9C%88%E6%94%B613.shtml?c=tw_bank
車市買氣旺　銀行提供貸款小撇步　支出勿逾月收1/3
鉅亨網新聞中心　(來源：NOWnews)　2014-05-21  16:19　
title:車市買氣旺　銀行提供貸款小撇步　支出勿逾月收1/3
 gg:鉅亨網新聞中心　(來源：NOWnews)　2014-05-21  16:19　
 article:

 
今(2014)年新車銷售上看40萬輛、中古車預期能售出超過70萬輛，再加上交通部統計，車市買氣5月份持續延燒，5月前10日新車領牌總數近6000輛，而銀行、車商也爭相推出優惠貸款利率，銀行建議可適時採用銀行的車貸優惠方案減輕負擔，但貸款支出不宜超過月收入1/3，民眾應於購車前仔細計算。
台新銀行資深副總經理蘇晉川分析，目前市面上辦理車貸的主要管道包括銀行、車商與融資公司，其中向銀行貸款往往是民眾的首選，因為貸款過程透明、安全、有保障，手續也簡便，且通常利率較為優惠，還有機會談到較低的手續費用。
至於向車商貸款，優點在於可一併辦理汽車保險，同時有可能在車價上取得優惠；而融資公司家數多、選擇也多，費用較具彈性，只是利率多半比銀行或車商高，且部分融資公司有將費用包進車貸利率之虞，不見得比較優惠。
蘇晉川表示，採貸款方式購車除有貸款負擔外，還有養車多項開銷。以2000c.c.車輛為例，每年須繳交的牌照稅、燃料稅、車險保費、定期保養費用及油費，約為新台幣10萬元以上，換算後每月將增加新台幣8000元至1萬元不等的支出。為減輕購車負擔，蘇晉川建議，民眾購買車商推出之零利率車款，但是不一定要跟車商配合的融資公司貸款。
蘇晉川說，車商針對零利率車款通常都有較多的現金購車折價空間，因此，建議民眾可先向車商詢問現金購車優惠價差，再比較多家銀行的車貸利率後，接著計算分期繳交的車貸利息與現金折扣價差的差額；若是自行辦理車貸較有利，就可向車商爭取現金折扣價，並與貸款銀行聯繫，請其派員與車商業務洽談貸款事宜，民眾無需親自打理車商跟銀行間貸款的瑣碎細節。
蘇晉川也提到，通常銀行會根據客戶的信用、財力狀況及銀行往來的密切度，給予不同程度的車貸優惠，因此，建議民眾挑選車貸銀行時，一定要詢問往來銀行，爭取優惠，甚至還有可能爭取到將還款期間延長至7年，讓還款與資金運用更具彈性。消費者在購車之際，可請專業的車貸業務人員提供車輛及車險購買之注意事項，以保障自身權益。
蘇晉川進一步說明，當民眾有資金週轉需求時，可直接以車輛作為擔保向銀行申請貸款，銀行會以車輛價值做為核貸依據，不論品牌與新舊，甚至貸款未結清者，只要繳款正常，都能請銀行評估增貸空間，對於需要快速取得資金者十分方便，且日常生活仍可繼續使用愛車代步。
 





10 Name: 渣打推出人民幣活存帳戶 年利率最高2.5% URL: http://news.cnyes.com/銀行/20140520/渣打推出人民幣活存帳戶 年利率最高2.5%.shtml?c=tw_bank
http://news.cnyes.com/%E9%8A%80%E8%A1%8C/20140520/%E6%B8%A3%E6%89%93%E6%8E%A8%E5%87%BA%E4%BA%BA%E6%B0%91%E5%B9%A3%E6%B4%BB%E5%AD%98%E5%B8%B3%E6%88%B6%20%E5%B9%B4%E5%88%A9%E7%8E%87%E6%9C%80%E9%AB%982.5%25.shtml?c=tw_bank
渣打推出人民幣活存帳戶 年利率最高2.5%
鉅亨網記者許庭瑜 台北　　2014-05-20  19:08　
title:渣打推出人民幣活存帳戶 年利率最高2.5%
 gg:鉅亨網記者許庭瑜 台北　　2014-05-20  19:08　
 article:

人民幣定存國人都耳熟能詳，不過人民幣活存利率優惠專案就比較少見。渣打銀行推出「人民幣階利活存」帳戶，採階梯式計息，年利率最高2.5% 優惠。即日起至7月31日止，提供客戶在保有靈活運用彈性之於，仍有小幅獲利。
渣打國際商業銀行個人金融事業處負責人謝仁義表示，「人民幣階利活存」帳戶採階梯式利率計息方式，即日起至7月31 日止，客戶新增資金至渣打人民幣帳戶，即可享活存年利率最高2.5%，使客戶的每筆人民幣資金都能發揮最大效益，讓客戶能隨著市場動脈，靈活調度資金，掌握投資先機。
且根據統計，台灣人民幣存款至今年三月底已突破2,600億人民幣，其中 DBU 存款就佔了超過 2,000 億人民幣，可見人民幣仍是國人進行外幣投資時所青睞的貨幣。
同時，滙豐銀行為了慶祝在台成立30年，即日起至6月底，推出第二波短期外匯定存優惠，幣別包含美元、澳元、紐元與人民幣，天期皆為2-3個月，對有多元幣別需求的投資人來說是個可以把握的好機會。此外，若外幣兌換前或後之外幣綜合存款帳戶中持有3種以上(含)之外幣存款，即可享有12種外幣匯價買賣30點的優惠。
滙豐(台灣)商業銀行個人金融暨財富管理事業處資深副總裁莊懷德表示，投資注重分散風險，外幣投資也不例外，而且持有一定的外幣部位還有維持購買力的效果。投資人應當依照自身需求進行外幣的多元配置，依據市場情勢並善用銀行的外匯優惠方案，逐步建立外幣部位，滿足出外旅遊、子女留學或是純粹投資的需求。
一般而言，若無個人特殊需求，除了持有本國貨幣支應日常生活開支，亦可布局在一些強勢、主流外幣或是較高息的外幣，通常貨幣配置可以考慮持有新台幣30%、美元30%、紐幣或澳幣20%、人民幣20%，亦可再搭配優利定存獲取利息收益。





11 Name: 招財開運簡單做 風水專家教你4個小撇步 URL: /Content/20140509/KIVE3JNGXJ93R.shtml?c=tw_bank
/Content/20140509/KIVE3JNGXJ93R.shtml?c=tw_bank
unknown url type: /Content/20140509/KIVE3JNGXJ93R.shtml?c=tw_bank
12 Name: 〈深度〉揭開TMU百萬年薪金雞母的面紗 URL: /Content/20140502/KIVCLL0F06GKO.shtml?c=tw_bank
/Content/20140502/KIVCLL0F06GKO.shtml?c=tw_bank
unknown url type: /Content/20140502/KIVCLL0F06GKO.shtml?c=tw_bank
13 Name: 搶攻手機購物商機！玉山銀首推「行動購票保障」 URL: /Content/20140430/KIUX5Y8RJDTI3.shtml?c=tw_bank
/Content/20140430/KIUX5Y8RJDTI3.shtml?c=tw_bank
unknown url type: /Content/20140430/KIUX5Y8RJDTI3.shtml?c=tw_bank
14 Name: 繳稅季來臨 星展推出「稅務貸」 旅遊、投資也可貸 URL: /Content/20140424/KIUVVN7DNTV6K.shtml?c=tw_bank
/Content/20140424/KIUVVN7DNTV6K.shtml?c=tw_bank
unknown url type: /Content/20140424/KIUVVN7DNTV6K.shtml?c=tw_bank
15 Name: 台新銀推3大財富管理家庭會員制 門檻600萬元起跳 URL: /Content/20140415/KIUTXOV1ZQHN.shtml?c=tw_bank
/Content/20140415/KIUTXOV1ZQHN.shtml?c=tw_bank
unknown url type: /Content/20140415/KIUTXOV1ZQHN.shtml?c=tw_bank
16 Name: 學理財 先培養自我管理 富邦前進校園教導未來小富翁 URL: /Content/20140411/KIUT39XPUQN6V.shtml?c=tw_bank
/Content/20140411/KIUT39XPUQN6V.shtml?c=tw_bank
unknown url type: /Content/20140411/KIUT39XPUQN6V.shtml?c=tw_bank
17 Name: 外勞好幫手！中國信託首創「U Remit」ATM外幣匯款服務 URL: /Content/20140410/KIUSUXZR119V3.shtml?c=tw_bank
/Content/20140410/KIUSUXZR119V3.shtml?c=tw_bank
unknown url type: /Content/20140410/KIUSUXZR119V3.shtml?c=tw_bank
18 Name: 人民幣走軟 3月交易量、點心債、存款逆增 URL: /Content/20140408/KIUSFYMLZE0DB.shtml?c=tw_bank
/Content/20140408/KIUSFYMLZE0DB.shtml?c=tw_bank
unknown url type: /Content/20140408/KIUSFYMLZE0DB.shtml?c=tw_bank
19 Name: 首創父母刷卡回饋金轉存　銀行推兒童帳戶　千元即能定存 URL: /Content/20140402/KIUR51E40EG62.shtml?c=tw_bank
/Content/20140402/KIUR51E40EG62.shtml?c=tw_bank
unknown url type: /Content/20140402/KIUR51E40EG62.shtml?c=tw_bank
20 Name: 人民幣縮水了？ 業者：匯率不是大問題 更須留意利率變動 URL: /Content/20140318/KIU95OCUL7UEB.shtml?c=tw_bank
/Content/20140318/KIU95OCUL7UEB.shtml?c=tw_bank
unknown url type: /Content/20140318/KIU95OCUL7UEB.shtml?c=tw_bank
21 Name: 人民幣暫別5字頭 存款匯差沒賺到 還得倒貼利息 URL: /Content/20140318/KIU95L51JJK04.shtml?c=tw_bank
/Content/20140318/KIU95L51JJK04.shtml?c=tw_bank
unknown url type: /Content/20140318/KIU95L51JJK04.shtml?c=tw_bank
22 Name: 人民幣貶　調查：8成民眾沒存人民幣　未來存款意願也降 URL: /Content/20140318/KIU955HVSBS22.shtml?c=tw_bank
/Content/20140318/KIU955HVSBS22.shtml?c=tw_bank
unknown url type: /Content/20140318/KIU955HVSBS22.shtml?c=tw_bank
23 Name: 搶攻小資族 100元人民幣就可定存 半年期利率3.2% URL: /Content/20140310/KIU7ENMA7AAPU.shtml?c=tw_bank
/Content/20140310/KIU7ENMA7AAPU.shtml?c=tw_bank
unknown url type: /Content/20140310/KIU7ENMA7AAPU.shtml?c=tw_bank
24 Name: 滙豐全民單車日 送愛心替弱勢兒童圓夢 URL: /Content/20140310/KIU7ENPLMQUPE.shtml?c=tw_bank
/Content/20140310/KIU7ENPLMQUPE.shtml?c=tw_bank
unknown url type: /Content/20140310/KIU7ENPLMQUPE.shtml?c=tw_bank
25 Name: 〈理財〉彭淮南喊「人民幣貶值就該買！」如何投資最聰明？ URL: /Content/20140307/KIU6S8S84XTN0.shtml?c=tw_bank
/Content/20140307/KIU6S8S84XTN0.shtml?c=tw_bank
unknown url type: /Content/20140307/KIU6S8S84XTN0.shtml?c=tw_bank
26 Name: 內銀籲速修信託法 確保理財資金穩定 URL: /Content/20140303/KIU5X8MOUO1DI.shtml?c=tw_bank
/Content/20140303/KIU5X8MOUO1DI.shtml?c=tw_bank
unknown url type: /Content/20140303/KIU5X8MOUO1DI.shtml?c=tw_bank
27 Name: 拔頭籌！玉山銀行首創「行動理專APP」理財服務 URL: /Content/20140225/KITP7JQC5P8M7.shtml?c=tw_bank
/Content/20140225/KITP7JQC5P8M7.shtml?c=tw_bank
unknown url type: /Content/20140225/KITP7JQC5P8M7.shtml?c=tw_bank
28 Name: 理財服務再升級　銀行首創「行動理專APP」 URL: /Content/20140225/KITP7JB5VYNEM.shtml?c=tw_bank
/Content/20140225/KITP7JB5VYNEM.shtml?c=tw_bank
unknown url type: /Content/20140225/KITP7JB5VYNEM.shtml?c=tw_bank
29 Name: 鄭貞茂：今年投資三大方向 著重美歐、布局新興、股債平衡 URL: /Content/20140219/KITNXTD5HCBHB.shtml?c=tw_bank
/Content/20140219/KITNXTD5HCBHB.shtml?c=tw_bank
unknown url type: /Content/20140219/KITNXTD5HCBHB.shtml?c=tw_bank
30 Name: 銀監會將對銀行信託等被監管單位收取監管費 URL: /Content/20140218/KITNPAS26KJEG.shtml?c=tw_bank
/Content/20140218/KITNPAS26KJEG.shtml?c=tw_bank
unknown url type: /Content/20140218/KITNPAS26KJEG.shtml?c=tw_bank
31 Name: 搶攻人民幣計價商品 花旗推全台首檔RQFII基金 URL: /Content/20140210/KITLZWA44EGS6.shtml?c=tw_bank
/Content/20140210/KITLZWA44EGS6.shtml?c=tw_bank
unknown url type: /Content/20140210/KITLZWA44EGS6.shtml?c=tw_bank
32 Name: 花旗管國霖：要打開人民幣國際投資的門 URL: /Content/20140210/KITLZYYFKT2G2.shtml?c=tw_bank
/Content/20140210/KITLZYYFKT2G2.shtml?c=tw_bank
unknown url type: /Content/20140210/KITLZYYFKT2G2.shtml?c=tw_bank
33 Name: 銀行祭高利搶錢　星展銀估：年底人民幣存款將突破3千億 URL: /Content/20140207/KITLCTAJSY9CI.shtml?c=tw_bank
/Content/20140207/KITLCTAJSY9CI.shtml?c=tw_bank
unknown url type: /Content/20140207/KITLCTAJSY9CI.shtml?c=tw_bank
34 Name: 永豐銀：雙外幣成主流 美金、人民幣將成全年投資焦點 可分批進場 URL: /Content/20140206/KITL4T1W2R6DE.shtml?c=tw_bank
/Content/20140206/KITL4T1W2R6DE.shtml?c=tw_bank
unknown url type: /Content/20140206/KITL4T1W2R6DE.shtml?c=tw_bank
35 Name: 內銀理財產品評估兒戲 未充分了解投資者風險承受力 URL: /Content/20140205/KITKX2TPFXT4.shtml?c=tw_bank
/Content/20140205/KITKX2TPFXT4.shtml?c=tw_bank
unknown url type: /Content/20140205/KITKX2TPFXT4.shtml?c=tw_bank
